1 -0.708706 0.119105 0.345189 0.359782 0.006830 0.261179 -0.042746 -0.713746 -0.024022 0.000000
2 -0.932067 0.221594 0.386815 0.323705 0.009808 0.218741 -0.042718 -0.688219 -0.057193 0.000000
3 -1.085573 0.250689 0.536254 0.308841 -0.007476 0.141109 -0.028857 -0.576977 -0.093913 0.000000
4 -1.308093 0.169821 0.877763 0.371151 -0.034999 0.057044 -0.014318 -0.528446 -0.127393 0.000000
5 -1.787730 0.001125 1.402049 0.521220 -0.062261 0.003319 -0.010144 -0.652277 -0.152700 0.000000
6 -2.659974 -0.193376 2.089852 0.750193 -0.081874 0.009831 -0.013637 -0.955062 -0.164312 0.000000
7 -3.969663 -0.361643 3.011593 1.078377 -0.091711 0.102906 -0.010994 -1.358152 -0.157631 0.000000
8 -5.745767 -0.497625 4.384866 1.606788 -0.093650 0.322173 0.011738 -1.776984 -0.131221 0.000000
9 -8.139095 -0.632710 6.574879 2.556765 -0.091001 0.739172 0.059631 -2.201418 -0.087999 0.000000
10 -11.525112 -0.790352 10.081813 4.305588 -0.087375 1.471928 0.129786 -2.722743 -0.033841 0.000000
11 -16.517169 -0.939973 15.585672 7.452111 -0.088096 2.703389 0.222024 -3.492961 0.025846 0.000000
12 -23.929393 -0.980099 24.099783 12.961831 -0.103253 4.720941 0.352041 -4.649452 0.089312 0.000000
13 -34.790827 -0.745392 37.244811 22.446834 -0.150720 7.994999 0.560301 -6.262752 0.159648 0.000000
14 -50.491553 0.001075 57.640067 38.650377 -0.258420 13.312785 0.916758 -8.349297 0.243524 0.000000
15 -73.064619 1.634041 89.444867 66.253582 -0.467646 21.990193 1.529859 -10.941974 0.348407 0.000000
16 -105.548628 4.813594 139.164852 113.221519 -0.841398 36.208649 2.572184 -14.162521 0.479957 0.000000
17 -152.393197 10.717102 216.939278 193.079431 -1.483505 59.567568 4.334192 -18.231644 0.639932 0.000000
18 -219.949422 21.373758 338.636402 328.786623 -2.574614 98.008245 7.317285 -23.393662 0.823583 0.000000
19 -317.170501 40.177413 529.226225 559.324932 -4.433283 161.362001 12.384097 -29.790274 1.014720 0.000000
20 -456.675981 72.738842 828.136692 950.875302 -7.615508 265.933974 21.003473 -37.337315 1.176297 0.000000
21 -656.307955 128.336526 1297.718969 1615.746236 -13.077925 438.804509 35.661871 -45.610729 1.233920 0.000000
22 -941.277126 222.348222 2036.657585 2744.425072 -22.451002 724.993744 60.565379 -53.658508 1.047073 0.000000
23 -1347.013281 380.248495 3201.306836 4659.865817 -38.503307 1199.417061 102.838564 -59.577450 0.358362 0.000000
24 -1922.901900 644.128506 5039.752774 7909.459010 -65.933793 1986.866157 174.562179 -59.658802 -1.297313 0.000000
25 -2737.157564 1083.343162 7946.296456 13420.827782 -112.721241 3295.436037 296.224958 -46.878084 -4.752900 0.000000
26 -3883.078523 1811.964040 12548.717124 22765.690725 -192.415393 5472.481693 502.565931 -8.394588 -11.487237 0.000000
27 -5486.771154 3017.450943 19848.237368 38606.664494 -328.019437 9098.347532 852.466849 78.557417 -24.100898 0.000000
28 -7716.049055 5007.765734 31444.391703 65453.730128 -558.564626 15143.468688 1445.709328 253.521083 -47.126139 0.000000
29 -10789.453345 8288.766292 49896.962435 110944.849596 -950.243915 25231.864185 2451.361774 584.360696 -88.402059 0.000000
30 -14982.903770 13691.343017 79309.602996 188013.725071 -1615.267140 42083.342293 4155.858654 1186.695879 -161.407773 0.000000
31 -20628.783512 22580.377636 126272.634035 318558.957930 -2743.790586 70256.039482 7044.416303 2256.450190 -289.216282 0.000000
32 -28097.243035 37198.460861 201388.763813 539653.980133 -4657.977792 117393.904632 11938.879781 4124.139965 -511.186218 0.000000
33 -37740.405876 61231.766449 321746.520272 914056.355162 -7903.514302 196323.495973 20231.093334 7345.285022 -894.272333 0.000000
34 -49763.966898 100742.462141 514937.156304 1547991.823139 -13404.501166 328579.883835 34277.960526 12850.973542 -1552.123511 0.000000
35 -63962.271336 165706.387169 825589.659602 2621246.913449 -22725.589891 550338.145719 58070.170447 22198.677091 -2677.306091 0.000000
36 -79203.615414 272551.142056 1326020.910724 4438086.118408 -38515.566572 922395.537252 98364.076585 37990.112390 -4595.642992 0.000000
37 -92467.338726 448349.327070 2133622.101415 7513400.018098 -65257.922477 1546976.566975 166597.358198 64567.418907 -7857.808967 0.000000
38 -97088.041535 737752.875689 3439289.950349 12718454.532275 -110540.769293 2596033.815997 282130.977104 109173.156626 -13393.676603 0.000000
39 -79612.252719 1214471.351269 5553995.758771 21527465.037657 -187205.305432 4358922.883892 477735.332049 183883.676850 -22772.345524 0.000000
40 -14246.990130 2000290.077728 8985186.605339 36434725.816006 -316980.414085 7322737.308359 808873.582058 308832.792972 -38640.157297 0.000000
41 146843.708766 3296610.978690 14562326.498670 61660241.415838 -536631.054473 12307712.872375 1369409.448616 517589.451594 -65458.474169 0.000000
42 490363.977974 5436811.333296 23643499.274391 104343357.096314 -908358.581197 20695506.704896 2318184.187081 866133.269717 -110746.353227 0.000000
43 1170876.000750 8973241.922375 38455919.367098 176561813.608951 -1537392.706465 34814141.268766 3923981.647753 1447843.028686 -187173.695957 0.000000
44 2460499.159491 14821913.357466 62657947.222811 298746927.463693 -2601746.934773 58587265.412571 6641600.476585 2418540.099881 -316087.142450 0.000000
45 4833770.210893 24503338.173094 102267983.907217 505460127.072768 -4402545.958310 98629433.501343 11240548.397510 4038355.507963 -533449.920623 0.000000
46 9112072.484801 40543779.754909 167201785.786338 855163314.091137 -7449145.396282 166094129.591627 19022751.168795 6741761.871952 -899849.389913 0.000000
47 16708811.140432 67144304.713315 273819963.508683 1446743955.284101 -12603092.897147 279792384.385373 32190832.730555 11254783.119249 -1517359.938389 0.000000
48 30044740.311111 111297282.058362 449154635.711463 2447464197.092160 -21321600.853751 471456371.578276 54471084.151434 18791272.338750 -2557961.041683 0.000000
49 53250349.943673 184651025.233225 737930236.579903 4140230676.383242 -36069308.872585 794624547.737455 92167223.355908 31381774.014272 -4311435.275111 0.000000
50 93352133.296464 306626223.553919 1214238642.219833 7003539643.738108 -61014646.443787 1339642039.764829 155942793.834557 52424820.549648 -7266111.058092 0.000000
51 162273973.395013 509628257.851410 2000974716.870572 11846682041.731451 -103207485.802818 2258988178.959212 263835954.713248 87611582.916375 -12244992.545184 0.000000
52 280210964.538036 847770899.845340 3302223210.953773 20038402087.646343 -174570699.752022 3810045746.481502 446358645.840372 146477482.845864 -20635304.530489 0.000000
53 481313222.458235 1411486417.063068 5457279012.540645 33893598903.791401 -295268091.330074 6427330512.016471 755121041.880282 245007105.464988 -34775612.355441 0.000000
54 823256779.827716 2352009130.995380 9030832537.327145 57327298234.098068 -499399845.176600 10844485456.202991 1277418197.282378 410009406.855998 -58608781.071187 0.000000
55 1403354438.247046 3922428933.686788 -31050361846014178702979589769250051105137720342 96960605857.046753 -844633914.480326 18300344572.522121 2160900158.433415 686469460.725479 -98783483.671932 0.000000
56 6464105896282696704.000000 -34532464868003037184.000000 -30138662212669964288.000000 -2501328951579354112.000000 -1677637091501168640.000000 -23685983040752029696.000000 182976941178819488.000000 4907521886348324864.000000 371612000540294592.000000 0.000000
57 -11592478447393234944.000000 -95181409947511488512.000000 -381777098734962212864.000000 -504547649726945689600.000000 22143340542070996992.000000 -124412595192575033344.000000 -112855648078085536.000000 -24246814379495440384.000000 12720581840608436224.000000 0.000000
58 -34032009682213429248.000000 -85970464260559060992.000000 -234704722586692714496.000000 -280258128074614636544.000000 7009117126563920896.000000 -106295433611325276160.000000 -7020409178906573824.000000 -46028589458734055424.000000 1137040741357353728.000000 0.000000
59 -16992780316538724352.000000 -190950816272156884992.000000 -496049596246864297984.000000 -804628868038055034880.000000 2163867704385204736.000000 -143048566971232632832.000000 -24673129515820089344.000000 -11184300469603188736.000000 -16390406777628616704.000000 0.000000
60 -70367807867859755008.000000 -115052008846647558144.000000 -242438245230127546368.000000 -193419062485567635456.000000 -940958120993504768.000000 -73448376097377370112.000000 -12730046947200991232.000000 35117328023391305728.000000 -5127409805905811456.000000 0.000000
61 -117682843587837083648.000000 -209260774271081021440.000000 -416146859890324865024.000000 -412371931777314979840.000000 -4740878635410048000.000000 -144311671985140269056.000000 -25556163922997334016.000000 -68866603576506482688.000000 -16580520737819906048.000000 0.000000
62 15790613314451775488.000000 -182115108999741407232.000000 -31050361846014178702979589769250051105137720342 -608955616336862117888.000000 -13721168044472584192.000000 -165821656652613419008.000000 -52911961002187530240.000000 39714107473135173632.000000 -36675480341811318784.000000 0.000000
63 24175224212291874816.000000 -232739574368610254848.000000 -574217460238801502208.000000 -765841736139389534208.000000 34890010134233325568.000000 -116903733805608222720.000000 132467034364964064.000000 -15812739394461749248.000000 8056069704636597248.000000 0.000000
64 -76186146137866731520.000000 -162444709911483547648.000000 -198867284543970050048.000000 -95212333919724257280.000000 -12723391922356160512.000000 -68517121949903380480.000000 -16205231514098407424.000000 -78847054915843457024.000000 34525321998816002048.000000 0.000000
65 -20742060453232881664.000000 -174171584566924312576.000000 -153768234883579641856.000000 -142241486782785470464.000000 -18787487255520673792.000000 -68679677748787912704.000000 -20221275561336868864.000000 -36387532818367389696.000000 35703036223585374208.000000 0.000000
66 -7240097612535114752.000000 -200132682407569686528.000000 -172146178761836822528.000000 -167083361862242861056.000000 -20922256821062533120.000000 -87605378301985325056.000000 -27694043609355104256.000000 -28490183622608695296.000000 -21457079777333387264.000000 0.000000
67 -126220092020200030208.000000 -125366389794746810368.000000 -279252557225508929536.000000 -186122068572806774784.000000 -28787534880096628736.000000 -133396919466797989888.000000 -34901955501653225472.000000 -65492055632184844288.000000 -28397920217087647744.000000 0.000000
68 -7597531927036121088.000000 -130343982895561670656.000000 -164359879427009478656.000000 -207984866474192666624.000000 -36693741849761492992.000000 -105354798991951970304.000000 -42424187387919671296.000000 25017207167878234112.000000 -35322761009003913216.000000 0.000000
69 -12234254174026274816.000000 -157318167485215965184.000000 -187214089999666708480.000000 -244171742085255757824.000000 -42102825840027148288.000000 -125925421662773493760.000000 -50282948137309249536.000000 28256621668810637312.000000 -43006736528475078656.000000 0.000000
70 -22168794498760400896.000000 -100164794396877471744.000000 -186498373694555095040.000000 -160641972183099080704.000000 -420354791531347328.000000 -64091228257819672576.000000 -56908480180757045248.000000 42564920791931109376.000000 -50600166650146185216.000000 0.000000
71 -18338493097883791360.000000 -99202606603169628160.000000 -189910339090538135552.000000 -158882495695432155136.000000 1577178089946694144.000000 -50872295217551876096.000000 -5009811465311539200.000000 64863386063318876160.000000 407461310272630336.000000 0.000000
72 -4787078195260959744.000000 -94871593688885706752.000000 -186104972466626396160.000000 -174424409834763517952.000000 1946900190939911936.000000 -43299735259906015232.000000 -5611433003589287936.000000 -9159061446173320192.000000 416544657831484224.000000 0.000000
73 6235125947430180864.000000 -93152885781097660416.000000 -185880183410132287488.000000 -191151238143920504832.000000 2263326574584067840.000000 -40504162675130851328.000000 -6822853978545829888.000000 -855799183032854528.000000 -533453983676531264.000000 0.000000
74 -5883205495273726976.000000 -102330515485596794880.000000 -206935768580639260672.000000 -202462548122561970176.000000 2197576860397487104.000000 -48613033872784515072.000000 -8479763614848892928.000000 -5122499642201024512.000000 -1680505518255940352.000000 0.000000
75 -13913509180380336128.000000 -115924040765997629440.000000 -235685349581035798528.000000 -226815462521566789632.000000 1792844241227841792.000000 -64867654876061212672.000000 -10477051697262800896.000000 -13465038381855424512.000000 -3176770941680804864.000000 0.000000
76 -24763285556727119872.000000 -123034439742074814464.000000 -252364339301848940544.000000 -225937382228776189952.000000 694845003394793472.000000 -72135061289123700736.000000 -12083654564118411264.000000 -20985820569393967104.000000 -4763933081079665664.000000 0.000000
77 -32050991863621210112.000000 -129790166583690018816.000000 -264098896540447080448.000000 -226444353781319073792.000000 -1372643155671899136.000000 -79097036506655703040.000000 -14470775926322898944.000000 -25608431673741811712.000000 -5940355856574370816.000000 0.000000
78 -23923981551180955648.000000 -137495186968438472704.000000 -273054198880949141504.000000 -237998739480506433536.000000 -3217800764191419392.000000 -84532002044640559104.000000 -14986279812173881344.000000 -16412290667650852864.000000 -6903554796984868864.000000 0.000000
79 -19261475240799649792.000000 -144252024789015953408.000000 -277998728294796820480.000000 -248946124069430231040.000000 -4565607502771441152.000000 -85721698655296192512.000000 -15644428707853778944.000000 -10792468328298756096.000000 -8021370715991889920.000000 0.000000
80 -11017202054147526656.000000 -144924239587047374848.000000 -278186613945599852544.000000 -263297298507624742912.000000 -5452686882187780096.000000 -82711080923207352320.000000 -16168781326504695808.000000 -2806727168062944256.000000 -8729455973502315520.000000 0.000000
81 -5617528616432036864.000000 -146069582066297421824.000000 -277400765731488792576.000000 -281006020267698028544.000000 -5836529848414561280.000000 -79614299880699527168.000000 -17218152398559606784.000000 1786249615600798720.000000 -9682881011268073472.000000 0.000000
82 -4656696863579491328.000000 -141507617119438749696.000000 -277494509702169165824.000000 -293588410170220118016.000000 -6019814753911513088.000000 -77654863915718000640.000000 -18697761854566739968.000000 4227881479623444992.000000 -11195912577603133440.000000 0.000000
83 -6511669245633825792.000000 -137294035874649374720.000000 -277736500753975574528.000000 -299738838080292192256.000000 -6384418063056327680.000000 -78101904060355428352.000000 -20602677865711529984.000000 4679977754766808064.000000 -13297100596030636032.000000 0.000000
84 -8194720457842208768.000000 -135600024142978744320.000000 -280683266488685133824.000000 -298616984266522361856.000000 -7340760393076904960.000000 -81097747680717570048.000000 -22663708363593347072.000000 5542025233410615296.000000 -16498583203852414976.000000 0.000000
85 -7146642120229821440.000000 -135654075872661798912.000000 -276820388402834210816.000000 -290531985223463829504.000000 -9345782598102151168.000000 -84653821301960163328.000000 -24668297576555728896.000000 8049425924397559808.000000 -19546633177583058944.000000 0.000000
86 -5053067311535596544.000000 -136701796034545778688.000000 -270567555325687496704.000000 -279226192391753564160.000000 -11591263177950349312.000000 -87447372355782770688.000000 -26257565124582776832.000000 12020008902778970112.000000 -22303933226292289536.000000 0.000000
87 -2777404964641640448.000000 -136682112468070465536.000000 -261533778834353160192.000000 -266637091906014937088.000000 -14428872119093534720.000000 -87505171424328761344.000000 -27312074246264782848.000000 16084895712203966464.000000 -24686160515084562432.000000 0.000000
88 -1600468020443021056.000000 -133963243186843140096.000000 -251206159592644444160.000000 -293862998120821620736.000000 -14765012598687463424.000000 -97168496706683158528.000000 -29679832057842569216.000000 19215250524451741696.000000 -26708198919477526528.000000 0.000000
89 -758696010637778176.000000 -128011827152853123072.000000 -238316320753222877184.000000 -286083577494725984256.000000 -16741263917983346688.000000 -92327586410361077760.000000 -30240262985193324544.000000 21641769138020667392.000000 -28623594250151116800.000000 0.000000
90 -18572767232753920.000000 -119592503414986194944.000000 -223993653438648713216.000000 -284334579468732956672.000000 -18086223066144241664.000000 -89043535370047815680.000000 -31158763598635610112.000000 24647026883387662336.000000 -30289573044634738688.000000 0.000000
91 3556413516246909440.000000 -150225560384260145152.000000 -245580265151669207040.000000 -278469583256526749696.000000 -21416118621087649792.000000 -112527547879982809088.000000 -32215061746958925824.000000 29302346593456115712.000000 -32374620807394668544.000000 0.000000
92 8902567471254007808.000000 -181556133597168893952.000000 -267274986218984636416.000000 -271056868992720011264.000000 -24369082379499470848.000000 -137935742309290770432.000000 -33576735420774629376.000000 35371807836138557440.000000 -34476862200972980224.000000 0.000000
93 10628703174826319872.000000 -127556472817039360000.000000 -205026447883770331136.000000 -261697415850135191552.000000 -22186532202611548160.000000 -102137843724440879104.000000 -34901095176766517248.000000 41174656318997872640.000000 -37004960655342370816.000000 0.000000
94 12684140255795204096.000000 -107007331812207673344.000000 -178641733163536187392.000000 -238576705846478536704.000000 -22121355791429136384.000000 -88990628656170188800.000000 -36999061897606217728.000000 44804846990285725696.000000 -39828322677751767040.000000 0.000000
95 12843973696825303040.000000 -117691305433581338624.000000 -185440225064363360256.000000 -237660415442195611648.000000 -24050453285538377728.000000 -105083800509399547904.000000 -37592881900311101440.000000 45563443139834085376.000000 -42718431045026930688.000000 0.000000
96 7869027229711812608.000000 -120644043644198731776.000000 -182596011048802025472.000000 -215353346022173048832.000000 -25861687437178290176.000000 -107160234800423010304.000000 -39740944451966959616.000000 41382706065718870016.000000 -43169378405670453248.000000 0.000000
97 4452348720943007744.000000 -107649602840556093440.000000 -31050361846014178702979589769250051105137720342 -204060124599679746048.000000 -26571234307774029824.000000 -98589352226937208832.000000 -39409433783122059264.000000 40488563750190882816.000000 -45010904820034543616.000000 0.000000
98 4950113643735414784.000000 -209260756351450021888.000000 -208063071703983357952.000000 -174515258671836364800.000000 -33658230684183404544.000000 -132356080983891050496.000000 -39209937281695383552.000000 20712728938188038144.000000 -45739827210816856064.000000 0.000000
99 49209944200641511424.000000 -197338498362056081408.000000 -323962827264914751488.000000 -385728018585507790848.000000 3773566867950321664.000000 -142223301547284185088.000000 -52405944780608749568.000000 29821167710906048512.000000 -19146193084583305216.000000 0.000000
100 -21076321894314541056.000000 -346772221673836707840.000000 -648629707423622758400.000000 -734348565180934914048.000000 2503622275097019392.000000 -217007140244502872064.000000 -50591638005685764096.000000 -7669719465572770816.000000 -22423759338158628864.000000 0.000000
101 16099992937661861888.000000 -259193445368543707136.000000 -521136896924549251072.000000 -874014225653430616064.000000 -23158417847463239084714197001737581570653996933 -166528576826877313024.000000 -22674374176902144000.000000 28319618257564860416.000000 -25684416878958141440.000000 0.000000
102 -6827586245957833728.000000 -234721771465882140672.000000 -516918375976363294720.000000 -814548431645682302976.000000 5024591625906336768.000000 -176877492026936229888.000000 -28235290285539151872.000000 17448083424873160704.000000 -29884722022385192960.000000 0.000000
103 -72049747737519996928.000000 -224620648533814083584.000000 -570552897670815612928.000000 -773989677342285889536.000000 8701700809587481600.000000 -208669714103642816512.000000 -34884839345974345728.000000 -28384543542399963136.000000 -35421151487446671360.000000 0.000000
104 21624603305415147520.000000 -273633796483889725440.000000 -522510138672270016512.000000 -734921336826180534272.000000 8788767005366118400.000000 -227921259235948232704.000000 -40214881039667552256.000000 37033593744786358272.000000 -42060622509952458752.000000 0.000000
105 19417390145044783104.000000 -228816691666567888896.000000 -485841494928096493568.000000 -743942289116838494208.000000 14213513983086503936.000000 -207530805832055848960.000000 -42436446467536166912.000000 36427302043117064192.000000 -48560212025574629376.000000 0.000000
106 -72578859450658955264.000000 -207573649766128943104.000000 -564848982668753698816.000000 -751305096804615847936.000000 15861392504475181056.000000 -221857747736066293760.000000 -41751027742518083584.000000 -24247492177298677760.000000 -55378733961558319104.000000 0.000000
107 -47723688955580211200.000000 -179923241190310150144.000000 -502151541156740268032.000000 -710934217056678576128.000000 10695395163178825728.000000 -184070183546517913600.000000 -38674978731167686656.000000 527666245380131584.000000 -60491628338254839808.000000 0.000000
108 59910622095946063872.000000 -242063996185691324416.000000 -373191249824793755648.000000 -637305678356069482496.000000 2989335795417962496.000000 -139720398574115323904.000000 -37118762204179546112.000000 44426027279554232320.000000 -42957751476996096000.000000 0.000000
109 40409060479545286656.000000 -251354241639815938048.000000 -349281935384381292544.000000 -486313093431709728768.000000 -9087105141470173184.000000 -161360984226000142336.000000 -38067760248708161536.000000 43467814698359857152.000000 -62826260188703219712.000000 0.000000
110 57536590912067502080.000000 -243932338075818524672.000000 -240502358497475166208.000000 -274917770007511924736.000000 -23786215649559048192.000000 -146365071718664290304.000000 -41349680511583232000.000000 58288615023451422720.000000 -56424745601427734528.000000 0.000000
111 -36365945261382467584.000000 -91490102794258792448.000000 -77740005422625931264.000000 -44299083889642602496.000000 -32091949699422511104.000000 -60980868834715164672.000000 -39799485303772946432.000000 -5308751258765942784.000000 -49702881708949307392.000000 0.000000
112 310503618460141787029795897692500511051377203423 -145904411776463159296.000000 -199139167613265608704.000000 -181529628453043011584.000000 -26316050891685912576.000000 -182803934307135258624.000000 -51714199117261291520.000000 -11813070813641732096.000000 -50054491263579062272.000000 0.000000
113 -23203406822102949888.000000 -213670624217313968128.000000 -160819760294652313600.000000 -28557296591506001920.000000 -35361696110643482624.000000 -122261022307647471616.000000 -40553484578400043008.000000 -15637440075154749440.000000 -48996207533987160064.000000 0.000000
114 28454906228646617088.000000 -116869055475506954240.000000 -91375005329784193024.000000 -29638455162060656640.000000 -34960889918809239552.000000 -104991442416524361728.000000 -40003785391793487872.000000 58187961920533815296.000000 -50266196643531276288.000000 0.000000
115 13291737090720598016.000000 -22711861484179107840.000000 3969342891622627840.000000 -31734612954904002560.000000 -28656526842188136448.000000 -34746401955751559168.000000 -38977635756424306688.000000 58522603030779084800.000000 -49525901509530566656.000000 0.000000
116 16976302026303586304.000000 -22798068537456037888.000000 4025335705447821824.000000 -33765445733752414208.000000 -28403584696901222400.000000 -35832103096040894464.000000 -37916456831459352576.000000 58852620512850149376.000000 -47485834961779326976.000000 0.000000
117 17136045887283120128.000000 -16585279302795419648.000000 11804982278181955584.000000 -31085270158323605504.000000 -27589245252278116352.000000 -31226948944175902720.000000 -37058757059943456768.000000 57908104028874866688.000000 -48470549235715817472.000000 0.000000
118 15770861843259195392.000000 -24007579184200151040.000000 7437584174773344256.000000 -28263738427974619136.000000 -27457534084259536896.000000 -37892754393536823296.000000 -36135949085936947200.000000 56050991784760639488.000000 -48748529255859838976.000000 0.000000
119 14562527095508748288.000000 -21956259196265594880.000000 14603470562522587136.000000 -14245084566616655872.000000 -27663779607887273984.000000 -35614701624868052992.000000 -35515668015947452416.000000 53923278701583048704.000000 -48547219191098908672.000000 0.000000
120 14602666357225510912.000000 -17503882511690297344.000000 24040836491035262976.000000 3269409060843480576.000000 -27888612928072695808.000000 -31973394760227680256.000000 -35180708881338159104.000000 53435913433100861440.000000 -47626290189741432832.000000 0.000000
121 20172667580308537344.000000 -11783767733508206592.000000 42313860626041896960.000000 18179647108329854976.000000 -27725801790720270336.000000 -22677760842419101696.000000 -34434490860284874752.000000 54642751205507653632.000000 -46076209927754760192.000000 0.000000
122 10938534198315751424.000000 -26113579146942136320.000000 6242019729506775040.000000 -8222715563894760448.000000 -26584926119263588352.000000 -28874442550064431104.000000 -32706477981844217856.000000 46485265950965964800.000000 -44236359018165559296.000000 0.000000
123 10874166317656313856.000000 -23768670233743155200.000000 -17557832780315774976.000000 -27595861306132934656.000000 -21735112280326053888.000000 -34584156879013994496.000000 -33102282457001447424.000000 45669443968834469888.000000 -45096528462589747200.000000 0.000000
124 20341690121281597440.000000 -22497287280769732608.000000 -10775484934651195392.000000 -24521121425516371968.000000 -21350732002151305216.000000 -32057257100698333184.000000 -32045677041811263488.000000 50146873508860100608.000000 -44046808145116774400.000000 0.000000
125 16526870320721653760.000000 -16768358537010896896.000000 -238737883195700736.000000 -14011208208174753792.000000 -19780748415095848960.000000 -27109979163981864960.000000 -33223068069992181760.000000 47715623918670200832.000000 -43572108891047821312.000000 0.000000
126 14859047466219505664.000000 -22109560183816609792.000000 -8465022240593183744.000000 -15790564415175526400.000000 -19482090336515346432.000000 -29486476662608789504.000000 -30641547591736639488.000000 45444174763250941952.000000 -43585250493838876672.000000 0.000000
127 13258998391624491008.000000 -23460619461965090816.000000 -10885357649980194816.000000 -41044503094349012992.000000 -18288877489667586048.000000 -32876711268688465920.000000 -26428318597458055168.000000 43637772146797535232.000000 -43905031685957132288.000000 0.000000
128 4298495623733614592.000000 -23715714313420308480.000000 -9385463542766669824.000000 -37184860206061813760.000000 -17924252322388250624.000000 -32039512700518359040.000000 -25572307186799067136.000000 42150473531774238720.000000 -38714727260740173824.000000 0.000000
129 7473393660170693632.000000 -25807937705346449408.000000 -7408826285963116544.000000 -48997688252932472832.000000 -16128099776396201984.000000 -36614897851486576640.000000 -25815625365304934400.000000 38022941494800343040.000000 -37879874656481181696.000000 0.000000
130 4135493886226841088.000000 -26000635905608421376.000000 -7356630889269796864.000000 -44452617585266851840.000000 -15284044053796327424.000000 -35735638088824524800.000000 -24733401759281807360.000000 36113732987515600896.000000 -36905404868137050112.000000 0.000000
131 778572549680332800.000000 -22145646725461434368.000000 -7239382765746073600.000000 -46943012341657935872.000000 -14671362801841715200.000000 -36752904527949709312.000000 -23953303594038075392.000000 36655664035419439104.000000 -35836134912288419840.000000 0.000000
132 15242070321721274368.000000 -18243210987649374208.000000 13975693948410490880.000000 -38921404640375816192.000000 -13802455165750966272.000000 -26178870732443041792.000000 -22750497405107523584.000000 44134129172502102016.000000 -34417024604799700992.000000 0.000000
133 7484571388796892160.000000 -17984253868667574272.000000 8412946520854150144.000000 -36881416134401753088.000000 -12927679600926799872.000000 -27131549492065714176.000000 -21706469302202474496.000000 39514632096132849664.000000 -33088400834056851456.000000 0.000000
134 6671243338902499328.000000 -18961961872151973888.000000 10207369995786092544.000000 -35538931159579516928.000000 -12047909080186476544.000000 -27225081054254034944.000000 -20703254003289112576.000000 38375554779867947008.000000 -31925039635441741824.000000 0.000000
135 4542825103839054336.000000 -16840695565784000512.000000 -907489969678150528.000000 -35369216004765704192.000000 -11147287906032693248.000000 -30469967497798017024.000000 -19801505647879516160.000000 28763623434553475072.000000 -30891536411898167296.000000 0.000000
136 514936923421436544.000000 -8473460493659223040.000000 539463365912524928.000000 -37291467794874261504.000000 -9696621022974779392.000000 -30208248642351173632.000000 -18772881865606639616.000000 27424886848425680896.000000 -37297118530742304768.000000 0.000000
137 14780541747365507072.000000 11313665474750676992.000000 31743129952183967744.000000 2106622535426342400.000000 -10730503329115004928.000000 -22690833042489036800.000000 -18821697570515701760.000000 25760421327798394880.000000 -30490486265100529664.000000 0.000000
138 25596586707758309376.000000 9773984955197315072.000000 -21568871831778361344.000000 21816817512939884544.000000 -13019198977825318912.000000 -14665362981893457920.000000 -17891449914478024704.000000 33336116724240703488.000000 -27375174769397473280.000000 0.000000
139 19733814268101005312.000000 15623822450632591360.000000 -9239148299467444224.000000 79736979698124177408.000000 -12387211891747065856.000000 3947121882650420224.000000 -19348709261315444736.000000 30379037952565981184.000000 -26479936514158366720.000000 0.000000
140 14806891788690739200.000000 13852591095615619072.000000 -92238586346343936.000000 65734971805944250368.000000 -11466122884706617344.000000 -208704936099295104.000000 -16656427562580246528.000000 27296911220914458624.000000 -25430581538104086528.000000 0.000000
141 11533024125165721600.000000 6689695803609980928.000000 855659650270422528.000000 60114258061669908480.000000 -10919598265423599616.000000 -2387066517179111936.000000 -16031088023791577088.000000 24697916617874264064.000000 -24240871079634386944.000000 0.000000
142 14663942627241492480.000000 7521071064579428352.000000 9455878552782925824.000000 62431787329027792896.000000 -10511792820794916864.000000 29493239424834016.000000 -14937484695864188928.000000 29255545752314789888.000000 -23013098656446844928.000000 0.000000
143 15839685586840322048.000000 7542762758067007488.000000 18602181412265246720.000000 53811664312307884032.000000 -55206326256985284608.000000 -1232077627617746944.000000 -14454213243240171520.000000 29563261452960849920.000000 -21885040500524118016.000000 0.000000
144 16346332764323168256.000000 19232895328843239424.000000 46614930738707750912.000000 73558597024446939136.000000 -50059517603262283776.000000 13503996593972172800.000000 -13088445971204349952.000000 31984537481734967296.000000 -26284629951479349248.000000 0.000000
145 15568871696964866048.000000 26694031776569065472.000000 74158293454743552000.000000 85813451841743192064.000000 -45390975155164987392.000000 24568123976689115136.000000 -12336833310422134784.000000 30748739589767413760.000000 -23426397195272777728.000000 0.000000
146 23252740177329065984.000000 18588719130343370752.000000 61769447260303613952.000000 73744520618966360064.000000 -40342175738373652480.000000 18097880431026960384.000000 -12128829347849818112.000000 34704345033863770112.000000 -22180064646108471296.000000 0.000000
147 14331469186791942144.000000 12443777576476694528.000000 -3756179492330815488.000000 -1914330258010312704.000000 -35409209429453459456.000000 9720734962375172096.000000 -12260812515315116032.000000 30435770154910367744.000000 -21382714786471882752.000000 0.000000
148 27810920882828931072.000000 27263120575184457728.000000 84090584888135680000.000000 13237053995268452352.000000 -30298859076239872000.000000 14040467038767984640.000000 -11793883367265427456.000000 31172157030606020608.000000 -21146670055067836416.000000 0.000000
149 21985743502231982080.000000 24358525856765296640.000000 83778091425947222016.000000 27760063211280117760.000000 -25305918512904781824.000000 15250248850840436736.000000 -11174750041609607168.000000 31584541328757637120.000000 -20992303443058008064.000000 0.000000
150 16218587639888005120.000000 20846025639181393920.000000 84488315600336912384.000000 40922051872965419008.000000 -20362014888941391872.000000 16327585450332497920.000000 -10421347350689511424.000000 31381591355360059392.000000 -21403993971136229376.000000 0.000000
151 12751397495983282176.000000 18964779212972367872.000000 83696891585005387776.000000 53481012154960379904.000000 -15457975819048058880.000000 16992103513348704256.000000 -9577121686790037504.000000 30141483731924238336.000000 -21297632463314960384.000000 0.000000
152 10132081711011993600.000000 18609745490603507712.000000 79391391350737338368.000000 76059419921982750720.000000 -55336610469089828864.000000 18828662054888415232.000000 -11689899110079289344.000000 28489157514982674432.000000 -20969085926287089664.000000 0.000000
153 6697243683406491648.000000 17816100328526348288.000000 77086122543971336192.000000 74820200809513418752.000000 -18368635610229325824.000000 15800666067888746496.000000 -10194443994712727552.000000 26386868403837255680.000000 -19772900286718349312.000000 0.000000
154 6285460284088055808.000000 28350862992645091328.000000 93841907520667566080.000000 10378430684095520768.000000 -836035136855437824.000000 21896880301118124032.000000 -9122602281868043264.000000 26520728590355431424.000000 -18485382489385844736.000000 0.000000
155 7969570484880524288.000000 21425392677167812608.000000 85965574329512525824.000000 112164669970742837248.000000 -6266985018018029568.000000 22215593471798607872.000000 -6702306642462462976.000000 26121909496554565632.000000 -17401816396321095680.000000 0.000000
156 9613327936803596288.000000 29684459133472047104.000000 96018407292840132608.000000 108229587917800652800.000000 -5184684900125637632.000000 27047875972039811072.000000 -6193790933438994432.000000 26244960292493533184.000000 -16825502845745924096.000000 0.000000
157 10343592199538966528.000000 28217000678744924160.000000 92880662690656190464.000000 118094615140835409920.000000 -4838875496259044352.000000 28165157223811432448.000000 -5291890444860978176.000000 25566119135584100352.000000 -16032165994222716928.000000 0.000000
158 9966717901531623424.000000 24699393841788305408.000000 86282261868495978496.000000 131896737022549131264.000000 -4840208261039863808.000000 29319325916165148672.000000 -4516517345009041408.000000 23763071098269990912.000000 -16313398136784377856.000000 0.000000
159 5578103991527796736.000000 -47654612181885591552.000000 70333715365563260928.000000 46734321517283991552.000000 -3033469052606123520.000000 -4193073269695403520.000000 -59609307828701814784.000000 20414977477071859712.000000 -16595729318460284928.000000 0.000000
160 2766237186465722880.000000 -43803437271116496896.000000 64736265225666084864.000000 48470808362718052352.000000 -2138856107981234688.000000 -5195155908142518272.000000 -54370595876717879296.000000 17729435106162864128.000000 -16902579408677632000.000000 0.000000
161 378744790019422208.000000 -39794370232791171072.000000 61415782242625576960.000000 57999062590990917632.000000 -1784117489477160448.000000 -2831607743140351488.000000 -49793971497630515200.000000 15551606655388295168.000000 -17178354042530545664.000000 0.000000
162 -165327102871145088.000000 -36491694899984244736.000000 58264155399218135040.000000 65163555535694331904.000000 -1313539590611276544.000000 -1048441512146969472.000000 -45890183445672681472.000000 14321132317375574016.000000 -17113068258725136384.000000 0.000000
163 148301379332661632.000000 -33576244400101097472.000000 55513504319734956032.000000 61047570088931311616.000000 -1061935739172318592.000000 -1050474945527699200.000000 -39691291500771573760.000000 12364099779741009920.000000 -16548811489374429184.000000 0.000000
164 6774515997293735936.000000 -20898785422781968384.000000 60991921438465359872.000000 63604391152840589312.000000 -5074880432774789120.000000 4540729055909085696.000000 -35287820315358769152.000000 14368343638429933568.000000 -15596241175075442688.000000 0.000000
165 8561962813636677632.000000 -14906370071017043968.000000 58425885785984475136.000000 59707418888990531584.000000 -4997504813423213568.000000 5569675871756443648.000000 -30964697092302012416.000000 13028094519581014016.000000 -15122234430169376768.000000 0.000000
166 5932384922100675584.000000 -9710216291528474624.000000 54760029499311554560.000000 64844999446766403584.000000 -4851230029025184768.000000 6021509489703699456.000000 -26553330150857125888.000000 10790492093912117248.000000 -14149203268452923392.000000 0.000000
167 4315213803940106752.000000 -5743098845101647872.000000 50489189450868031488.000000 69021779321189326848.000000 -4752129126436171776.000000 5918511052021450752.000000 -22030668275771756544.000000 8532086990883738624.000000 -13046690753999218688.000000 0.000000
168 3053847456044192768.000000 -3427968193316166656.000000 45926703932667723776.000000 71692913736907055104.000000 -4650591889691269120.000000 5664631479055215616.000000 -17406546867466541056.000000 6304259165183012864.000000 -12368033770524512256.000000 0.000000
169 3594562305148362752.000000 -66881083511468736.000000 42194153889416175616.000000 71944412949715247104.000000 -4453314561246643200.000000 5666517446370724864.000000 -12859895332021612544.000000 15042795845165221888.000000 -11820492787162300416.000000 0.000000
170 4829318595261021184.000000 2091809553105989632.000000 38139451851308113920.000000 68747808275258441728.000000 -4110917316291818496.000000 5893683709680183296.000000 -8727316022099772416.000000 14658937463423594496.000000 -11681421454049122304.000000 0.000000
171 4708716390866276352.000000 3474413367781842432.000000 33842138946808303616.000000 28210298304026742784.000000 -23158417847463239084714197001737581570653996933 -7306087531182599168.000000 -45017519682691178496.000000 14475351764871639040.000000 -12094254089938690048.000000 0.000000
172 2712168979769824768.000000 -51312932421513830400.000000 27717115533852479488.000000 57219594337561051136.000000 -3444935479030148608.000000 3025357127100269568.000000 -14577797712628199424.000000 13350562224121552896.000000 -11891863736185978880.000000 0.000000
173 3669931706786881536.000000 -12677779407251140608.000000 25230290385433358336.000000 63507425029238652928.000000 -2878552073904767488.000000 8096923125489233920.000000 927344349539841152.000000 92559806496230195200.000000 -12076129081482287104.000000 0.000000
174 -4833661117395288064.000000 8704266911686566912.000000 22711135596799328256.000000 59639528773943328768.000000 -2343527394152395776.000000 7941973164441967616.000000 3030758640505395200.000000 86422300122694320128.000000 -12034445848512360448.000000 0.000000
175 -13485300751534419968.000000 9415182608826185728.000000 20496127321775296512.000000 58679674238439776256.000000 -2135844402519341056.000000 7191818453294157824.000000 4985802244178682880.000000 80244814481654235136.000000 -11762301811755751424.000000 0.000000
176 -23683056521307443200.000000 1152919418906260736.000000 19802604872188030976.000000 6554453294578139136.000000 -2765492137085687808.000000 -9896813037096671232.000000 -2303806462403045376.000000 76404069233113694208.000000 -11513236046573596672.000000 0.000000
177 -30963304934553542656.000000 -1132245673845615232.000000 19846963745428541440.000000 38761447883586453504.000000 -2605785306742826496.000000 -1706551064269217792.000000 -1290552558159047168.000000 69819923295457820672.000000 -10396800289421056000.000000 0.000000
178 -4392524526781258752.000000 7500053937518850048.000000 20248531611891236864.000000 29555592016702377984.000000 -3049927532931971072.000000 -5597274380917201920.000000 -1789632337823215616.000000 65528159875117924352.000000 -10115698989860560896.000000 0.000000
179 -5475488063088443392.000000 12770660043509098496.000000 36818281744218013696.000000 16846218274977210368.000000 -3400390421006939136.000000 -4085346378073635840.000000 -1901738867039541760.000000 57410771833830072320.000000 -7438722096267622400.000000 0.000000
180 -6348056861212588032.000000 11512523579533543424.000000 32455238465477074944.000000 4080343948790013952.000000 -3515993364730832384.000000 -8209561463113741312.000000 -1835146020550586112.000000 51654553647894364160.000000 -7197525740478429184.000000 0.000000
